<?xml version="1.0" encoding="UTF-8"?>
<testsuite name="employeemanager.AppTest" tests="1" skipped="0" failures="0" errors="0" timestamp="2023-04-12T06:49:15" hostname="AMEER" time="0.016">
  <properties/>
  <testcase name="appHasAGreeting()" classname="employeemanager.AppTest" time="0.016"/>
  <system-out><![CDATA[]]></system-out>
  <system-err><![CDATA[]]></system-err>
</testsuite>
