<?xml version="1.0" encoding="UTF-8"?>
<testsuite name="software.testing.AppTest" tests="1" skipped="0" failures="0" errors="0" timestamp="2023-04-12T06:24:08" hostname="AMEER" time="0.015">
  <properties/>
  <testcase name="appHasAGreeting()" classname="software.testing.AppTest" time="0.015"/>
  <system-out><![CDATA[]]></system-out>
  <system-err><![CDATA[]]></system-err>
</testsuite>
